
hpeesofsim (*) 450.shp Jan 21 2016, MINT version 4
    (64-bit windows built: 01/21/16 15:34:19)
Copyright 1995 - 2015 Keysight Technologies, 1989-2016.


OPTIM Optim1[1] <Final_Proj_ECE485_lib:Final_Proj_LowPB:schematic>  optIter=(0->25)
Warning detected by hpeesofsim during Nominal Optimization `Optim1'.
    Variable `TL52.L' 
     OPT variable initial value (0.00288925) is out of min-max range [0.0052578, 0.0157988]. 
     Resetting the range...
Warning detected by hpeesofsim during Nominal Optimization `Optim1'.
    Variable `TL2.L' 
     OPT variable initial value (0.0222377) is out of min-max range [0.0052578, 0.0157988]. 
     Resetting the range...

SP Optim1[1].SP1[0] <Final_Proj_ECE485_lib:Final_Proj_LowPB:schematic>  optIter=0  freq=(500 MHz->5 GHz)
Warning detected by hpeesofsim during SP analysis 'SP1'.
    UserValue(0.000157) < MinRecommendValue(0.000157) OR UserValue > MaxRecommendValue(0.015748) for 'W3' in `Tee1'

Warning detected by hpeesofsim during SP analysis 'SP1'.
    UserValue(20.137574) > MaxRecommendValue(5.000000) for 'Wlargest/Wsmallest' in `Tee1'

Warning detected by hpeesofsim during SP analysis 'SP1'.
    UserValue(0.000157) < MinRecommendValue(0.000157) OR UserValue > MaxRecommendValue(0.015748) for 'W3' in `Tee4'

Warning detected by hpeesofsim during SP analysis 'SP1'.
    UserValue(20.137574) > MaxRecommendValue(5.000000) for 'Wlargest/Wsmallest' in `Tee4'

,,,,,,,,,,,,,,,,,,,,,,,,,,,,,,,,,,,,,,,,,,,,,,,,,,,,,,,,,,,,,,,,,,,,,,,,,,,,,,,,,,,,,,,,,,,,,,,,,,,,
Iteration/Trial #0:
  CurrentEF: 0.0190151848876758
  Optimization variables:
    TL10.L = 6.1039e-03
    TL11.L = 14.5248e-03
    TL12.L = 14.8336e-03
    TL2.L = 22.2377e-03
    TL3.L = 5.969e-03
    TL51.L = 13.5941e-03
    TL52.L = 2.88925e-03
    TL53.L = 7.57659e-03
    TL54.L = 7.21101e-03
    W2 = 6.18287
    W3 = 124.508
    W4 = 123.907
    W5 = 71.3255
    W6 = 270.766

SP Optim1[1].SP1[1] <Final_Proj_ECE485_lib:Final_Proj_LowPB:schematic>  optIter=1  freq=(500 MHz->5 GHz)
Warning detected by hpeesofsim during SP analysis 'SP1'.
    UserValue(20.143883) > MaxRecommendValue(5.000000) for 'Wlargest/Wsmallest' in `Tee1'

Warning detected by hpeesofsim during SP analysis 'SP1'.
    UserValue(20.143883) > MaxRecommendValue(5.000000) for 'Wlargest/Wsmallest' in `Tee4'

,,,,,,,,,,,,,,,,,,,,,,,,,,,,,,,,,,,,,,,,,,,,,,,,,,,,,,,,,,,,,,,,,,,,,,,,,,,,,,,,,,,,,,,,,,,,,,,,,,,,
Iteration/Trial #1:
  CurrentEF: 0.00978887714144734
  Optimization variables:
    TL10.L = 6.10801e-03
    TL11.L = 14.4531e-03
    TL12.L = 14.8336e-03
    TL2.L = 22.2377e-03
    TL3.L = 5.81257e-03
    TL51.L = 13.589e-03
    TL52.L = 2.88925e-03
    TL53.L = 7.65911e-03
    TL54.L = 7.05186e-03
    W2 = 6.18318
    W3 = 124.553
    W4 = 123.731
    W5 = 71.3308
    W6 = 260.199

SP Optim1[1].SP1[2] <Final_Proj_ECE485_lib:Final_Proj_LowPB:schematic>  optIter=2  freq=(500 MHz->5 GHz)
Warning detected by hpeesofsim during SP analysis 'SP1'.
    UserValue(20.364333) > MaxRecommendValue(5.000000) for 'Wlargest/Wsmallest' in `Tee1'

Warning detected by hpeesofsim during SP analysis 'SP1'.
    UserValue(20.364333) > MaxRecommendValue(5.000000) for 'Wlargest/Wsmallest' in `Tee4'

,,,,,,,,,,,,,,,,,,,,,,,,,,,,,,,,,,,,,,,,,,,,,,,,,,,,,,,,,,,,,,,,,,,,,,,,,,,,,,,,,,,,,,,,,,,,,,,,,,,,
Iteration/Trial #2:
  CurrentEF: 0.0068730992609852
  Optimization variables:
    TL10.L = 6.1135e-03
    TL11.L = 14.5849e-03
    TL12.L = 14.8336e-03
    TL2.L = 22.2377e-03
    TL3.L = 5.69446e-03
    TL51.L = 13.6559e-03
    TL52.L = 2.88925e-03
    TL53.L = 7.95211e-03
    TL54.L = 6.62762e-03
    W2 = 6.18449
    W3 = 125.943
    W4 = 124.206
    W5 = 71.3493
    W6 = 268.032

SP Optim1[1].SP1[3] <Final_Proj_ECE485_lib:Final_Proj_LowPB:schematic>  optIter=3  freq=(500 MHz->5 GHz)
,,,,,,,,,,,,,,,,,,,,,,,,,,,,,,,,,,,,,,,,,,,,,,,,,,,,,,,,,,,,,,,,,,,,,,,,,,,,,,,,,,,,,,,,,,,,,,,,,,,,
Iteration/Trial #3:
  CurrentEF: 0.00578503611900914
  Optimization variables:
    TL10.L = 6.11832e-03
    TL11.L = 14.5524e-03
    TL12.L = 14.8336e-03
    TL2.L = 22.2377e-03
    TL3.L = 5.63613e-03
    TL51.L = 13.6604e-03
    TL52.L = 2.88925e-03
    TL53.L = 8.05269e-03
    TL54.L = 6.50178e-03
    W2 = 6.18501
    W3 = 126.481
    W4 = 124.184
    W5 = 71.3556
    W6 = 270.114

SP Optim1[1].SP1[4] <Final_Proj_ECE485_lib:Final_Proj_LowPB:schematic>  optIter=4  freq=(500 MHz->5 GHz)
,,,,,,,,,,,,,,,,,,,,,,,,,,,,,,,,,,,,,,,,,,,,,,,,,,,,,,,,,,,,,,,,,,,,,,,,,,,,,,,,,,,,,,,,,,,,,,,,,,,,
Iteration/Trial #4:
  CurrentEF: 0.00531599694389823
  Optimization variables:
    TL10.L = 6.13322e-03
    TL11.L = 14.5478e-03
    TL12.L = 14.8336e-03
    TL2.L = 22.2377e-03
    TL3.L = 5.57798e-03
    TL51.L = 13.7681e-03
    TL52.L = 2.88925e-03
    TL53.L = 8.1996e-03
    TL54.L = 6.473e-03
    W2 = 6.18681
    W3 = 127.197
    W4 = 124.211
    W5 = 71.3615
    W6 = 274.794

SP Optim1[1].SP1[5] <Final_Proj_ECE485_lib:Final_Proj_LowPB:schematic>  optIter=5  freq=(500 MHz->5 GHz)
,,,,,,,,,,,,,,,,,,,,,,,,,,,,,,,,,,,,,,,,,,,,,,,,,,,,,,,,,,,,,,,,,,,,,,,,,,,,,,,,,,,,,,,,,,,,,,,,,,,,
Iteration/Trial #5:
  CurrentEF: 0.00495122870893016
  Optimization variables:
    TL10.L = 6.14756e-03
    TL11.L = 14.4955e-03
    TL12.L = 14.8336e-03
    TL2.L = 22.2377e-03
    TL3.L = 5.54776e-03
    TL51.L = 13.8312e-03
    TL52.L = 2.88925e-03
    TL53.L = 8.26667e-03
    TL54.L = 6.50373e-03
    W2 = 6.18812
    W3 = 127.65
    W4 = 124.081
    W5 = 71.364
    W6 = 276.716

SP Optim1[1].SP1[6] <Final_Proj_ECE485_lib:Final_Proj_LowPB:schematic>  optIter=6  freq=(500 MHz->5 GHz)
,,,,,,,,,,,,,,,,,,,,,,,,,,,,,,,,,,,,,,,,,,,,,,,,,,,,,,,,,,,,,,,,,,,,,,,,,,,,,,,,,,,,,,,,,,,,,,,,,,,,
Iteration/Trial #6:
  CurrentEF: 0.00487599789532186
  Optimization variables:
    TL10.L = 6.15591e-03
    TL11.L = 14.4865e-03
    TL12.L = 14.8336e-03
    TL2.L = 22.2377e-03
    TL3.L = 5.55608e-03
    TL51.L = 13.8507e-03
    TL52.L = 2.88925e-03
    TL53.L = 8.24517e-03
    TL54.L = 6.56944e-03
    W2 = 6.18867
    W3 = 127.737
    W4 = 124.007
    W5 = 71.3625
    W6 = 275.627

SP Optim1[1].SP1[7] <Final_Proj_ECE485_lib:Final_Proj_LowPB:schematic>  optIter=7  freq=(500 MHz->5 GHz)
,,,,,,,,,,,,,,,,,,,,,,,,,,,,,,,,,,,,,,,,,,,,,,,,,,,,,,,,,,,,,,,,,,,,,,,,,,,,,,,,,,,,,,,,,,,,,,,,,,,,
Iteration/Trial #7:
  CurrentEF: 0.00455738025110962
  Optimization variables:
    TL10.L = 6.22024e-03
    TL11.L = 14.5069e-03
    TL12.L = 14.8336e-03
    TL2.L = 22.2377e-03
    TL3.L = 5.58504e-03
    TL51.L = 13.8486e-03
    TL52.L = 2.88925e-03
    TL53.L = 8.22392e-03
    TL54.L = 6.56299e-03
    W2 = 6.19235
    W3 = 128.922
    W4 = 123.79
    W5 = 71.3631
    W6 = 270.152

SP Optim1[1].SP1[8] <Final_Proj_ECE485_lib:Final_Proj_LowPB:schematic>  optIter=8  freq=(500 MHz->5 GHz)
,,,,,,,,,,,,,,,,,,,,,,,,,,,,,,,,,,,,,,,,,,,,,,,,,,,,,,,,,,,,,,,,,,,,,,,,,,,,,,,,,,,,,,,,,,,,,,,,,,,,
Iteration/Trial #8:
  CurrentEF: 0.00434266972753852
  Optimization variables:
    TL10.L = 6.29471e-03
    TL11.L = 14.5094e-03
    TL12.L = 14.8336e-03
    TL2.L = 22.2377e-03
    TL3.L = 5.56015e-03
    TL51.L = 13.9019e-03
    TL52.L = 2.88925e-03
    TL53.L = 8.28969e-03
    TL54.L = 6.50799e-03
    W2 = 6.1969
    W3 = 129.784
    W4 = 123.565
    W5 = 71.3691
    W6 = 272.96

SP Optim1[1].SP1[9] <Final_Proj_ECE485_lib:Final_Proj_LowPB:schematic>  optIter=9  freq=(500 MHz->5 GHz)
,,,,,,,,,,,,,,,,,,,,,,,,,,,,,,,,,,,,,,,,,,,,,,,,,,,,,,,,,,,,,,,,,,,,,,,,,,,,,,,,,,,,,,,,,,,,,,,,,,,,
Iteration/Trial #9:
  CurrentEF: 0.00415760137074822
  Optimization variables:
    TL10.L = 6.38783e-03
    TL11.L = 14.5001e-03
    TL12.L = 14.8336e-03
    TL2.L = 22.2377e-03
    TL3.L = 5.59041e-03
    TL51.L = 13.8667e-03
    TL52.L = 2.88925e-03
    TL53.L = 8.17797e-03
    TL54.L = 6.53719e-03
    W2 = 6.20145
    W3 = 129.994
    W4 = 123.214
    W5 = 71.3701
    W6 = 271.5

SP Optim1[1].SP1[10] <Final_Proj_ECE485_lib:Final_Proj_LowPB:schematic>  optIter=10  freq=(500 MHz->5 GHz)
,,,,,,,,,,,,,,,,,,,,,,,,,,,,,,,,,,,,,,,,,,,,,,,,,,,,,,,,,,,,,,,,,,,,,,,,,,,,,,,,,,,,,,,,,,,,,,,,,,,,
Iteration/Trial #10:
  CurrentEF: 0.0040993219144531
  Optimization variables:
    TL10.L = 6.43657e-03
    TL11.L = 14.5078e-03
    TL12.L = 14.8336e-03
    TL2.L = 22.2377e-03
    TL3.L = 5.60444e-03
    TL51.L = 13.8374e-03
    TL52.L = 2.88925e-03
    TL53.L = 8.0959e-03
    TL54.L = 6.53666e-03
    W2 = 6.20338
    W3 = 129.898
    W4 = 123.043
    W5 = 71.3709
    W6 = 272.126

SP Optim1[1].SP1[11] <Final_Proj_ECE485_lib:Final_Proj_LowPB:schematic>  optIter=11  freq=(500 MHz->5 GHz)
,,,,,,,,,,,,,,,,,,,,,,,,,,,,,,,,,,,,,,,,,,,,,,,,,,,,,,,,,,,,,,,,,,,,,,,,,,,,,,,,,,,,,,,,,,,,,,,,,,,,
Iteration/Trial #11:
  CurrentEF: 0.00409767583176689
  Optimization variables:
    TL10.L = 6.44825e-03
    TL11.L = 14.508e-03
    TL12.L = 14.8336e-03
    TL2.L = 22.2377e-03
    TL3.L = 5.60334e-03
    TL51.L = 13.8377e-03
    TL52.L = 2.88925e-03
    TL53.L = 8.09039e-03
    TL54.L = 6.53347e-03
    W2 = 6.20392
    W3 = 129.854
    W4 = 123.011
    W5 = 71.3714
    W6 = 272.371

SP Optim1[1].SP1[12] <Final_Proj_ECE485_lib:Final_Proj_LowPB:schematic>  optIter=12  freq=(500 MHz->5 GHz)
,,,,,,,,,,,,,,,,,,,,,,,,,,,,,,,,,,,,,,,,,,,,,,,,,,,,,,,,,,,,,,,,,,,,,,,,,,,,,,,,,,,,,,,,,,,,,,,,,,,,
Iteration/Trial #12:
  CurrentEF: 0.00401312846472904
  Optimization variables:
    TL10.L = 6.51271e-03
    TL11.L = 14.508e-03
    TL12.L = 14.8336e-03
    TL2.L = 22.0148e-03
    TL3.L = 5.60339e-03
    TL51.L = 13.8377e-03
    TL52.L = 2.88925e-03
    TL53.L = 8.0906e-03
    TL54.L = 6.53359e-03
    W2 = 6.26653
    W3 = 129.856
    W4 = 123.012
    W5 = 71.3714
    W6 = 272.364

SP Optim1[1].SP1[13] <Final_Proj_ECE485_lib:Final_Proj_LowPB:schematic>  optIter=13  freq=(500 MHz->5 GHz)
,,,,,,,,,,,,,,,,,,,,,,,,,,,,,,,,,,,,,,,,,,,,,,,,,,,,,,,,,,,,,,,,,,,,,,,,,,,,,,,,,,,,,,,,,,,,,,,,,,,,
Iteration/Trial #13:
  CurrentEF: 0.00394724428564305
  Optimization variables:
    TL10.L = 6.5798e-03
    TL11.L = 14.508e-03
    TL12.L = 14.8336e-03
    TL2.L = 21.7941e-03
    TL3.L = 5.60328e-03
    TL51.L = 13.8378e-03
    TL52.L = 2.91843e-03
    TL53.L = 8.09015e-03
    TL54.L = 6.53333e-03
    W2 = 6.32987
    W3 = 129.851
    W4 = 123.009
    W5 = 71.3715
    W6 = 272.381

SP Optim1[1].SP1[14] <Final_Proj_ECE485_lib:Final_Proj_LowPB:schematic>  optIter=14  freq=(500 MHz->5 GHz)
,,,,,,,,,,,,,,,,,,,,,,,,,,,,,,,,,,,,,,,,,,,,,,,,,,,,,,,,,,,,,,,,,,,,,,,,,,,,,,,,,,,,,,,,,,,,,,,,,,,,
Iteration/Trial #14:
  CurrentEF: 0.00389851014120874
  Optimization variables:
    TL10.L = 6.64822e-03
    TL11.L = 14.5082e-03
    TL12.L = 14.8336e-03
    TL2.L = 21.7941e-03
    TL3.L = 5.60313e-03
    TL51.L = 13.838e-03
    TL52.L = 2.89913e-03
    TL53.L = 8.08955e-03
    TL54.L = 6.53281e-03
    W2 = 6.39389
    W3 = 129.843
    W4 = 123.004
    W5 = 71.3715
    W6 = 272.403

SP Optim1[1].SP1[15] <Final_Proj_ECE485_lib:Final_Proj_LowPB:schematic>  optIter=15  freq=(500 MHz->5 GHz)
,,,,,,,,,,,,,,,,,,,,,,,,,,,,,,,,,,,,,,,,,,,,,,,,,,,,,,,,,,,,,,,,,,,,,,,,,,,,,,,,,,,,,,,,,,,,,,,,,,,,
Iteration/Trial #15:
  CurrentEF: 0.00389310139626304
  Optimization variables:
    TL10.L = 6.64945e-03
    TL11.L = 14.5116e-03
    TL12.L = 14.8336e-03
    TL2.L = 21.7939e-03
    TL3.L = 5.60276e-03
    TL51.L = 13.8395e-03
    TL52.L = 2.89912e-03
    TL53.L = 8.08905e-03
    TL54.L = 6.53318e-03
    W2 = 6.39398
    W3 = 129.843
    W4 = 123.005
    W5 = 71.3716
    W6 = 272.482

SP Optim1[1].SP1[16] <Final_Proj_ECE485_lib:Final_Proj_LowPB:schematic>  optIter=16  freq=(500 MHz->5 GHz)
,,,,,,,,,,,,,,,,,,,,,,,,,,,,,,,,,,,,,,,,,,,,,,,,,,,,,,,,,,,,,,,,,,,,,,,,,,,,,,,,,,,,,,,,,,,,,,,,,,,,
Iteration/Trial #16:
  CurrentEF: 0.00380899459933446
  Optimization variables:
    TL10.L = 6.71132e-03
    TL11.L = 14.5684e-03
    TL12.L = 14.8336e-03
    TL2.L = 21.7758e-03
    TL3.L = 5.55777e-03
    TL51.L = 13.8119e-03
    TL52.L = 2.8986e-03
    TL53.L = 8.03234e-03
    TL54.L = 6.47043e-03
    W2 = 6.39721
    W3 = 129.843
    W4 = 122.905
    W5 = 71.3745
    W6 = 271.515

SP Optim1[1].SP1[17] <Final_Proj_ECE485_lib:Final_Proj_LowPB:schematic>  optIter=17  freq=(500 MHz->5 GHz)
,,,,,,,,,,,,,,,,,,,,,,,,,,,,,,,,,,,,,,,,,,,,,,,,,,,,,,,,,,,,,,,,,,,,,,,,,,,,,,,,,,,,,,,,,,,,,,,,,,,,
Iteration/Trial #17:
  CurrentEF: 0.00370701691102152
  Optimization variables:
    TL10.L = 6.80774e-03
    TL11.L = 14.573e-03
    TL12.L = 14.8336e-03
    TL2.L = 21.7441e-03
    TL3.L = 5.51246e-03
    TL51.L = 13.7834e-03
    TL52.L = 2.89824e-03
    TL53.L = 7.91092e-03
    TL54.L = 6.4827e-03
    W2 = 6.40182
    W3 = 129.843
    W4 = 122.735
    W5 = 71.3773
    W6 = 274.732

SP Optim1[1].SP1[18] <Final_Proj_ECE485_lib:Final_Proj_LowPB:schematic>  optIter=18  freq=(500 MHz->5 GHz)
,,,,,,,,,,,,,,,,,,,,,,,,,,,,,,,,,,,,,,,,,,,,,,,,,,,,,,,,,,,,,,,,,,,,,,,,,,,,,,,,,,,,,,,,,,,,,,,,,,,,
Iteration/Trial #18:
  CurrentEF: 0.00362774325395359
  Optimization variables:
    TL10.L = 6.99332e-03
    TL11.L = 14.6446e-03
    TL12.L = 14.8336e-03
    TL2.L = 21.6885e-03
    TL3.L = 5.44932e-03
    TL51.L = 13.737e-03
    TL52.L = 2.89742e-03
    TL53.L = 7.76137e-03
    TL54.L = 6.43833e-03
    W2 = 6.41148
    W3 = 129.843
    W4 = 122.511
    W5 = 71.382
    W6 = 273.313

SP Optim1[1].SP1[19] <Final_Proj_ECE485_lib:Final_Proj_LowPB:schematic>  optIter=19  freq=(500 MHz->5 GHz)
,,,,,,,,,,,,,,,,,,,,,,,,,,,,,,,,,,,,,,,,,,,,,,,,,,,,,,,,,,,,,,,,,,,,,,,,,,,,,,,,,,,,,,,,,,,,,,,,,,,,
Iteration/Trial #19:
  CurrentEF: 0.00354464662794804
  Optimization variables:
    TL10.L = 7.15416e-03
    TL11.L = 14.6366e-03
    TL12.L = 14.8336e-03
    TL2.L = 21.636e-03
    TL3.L = 5.42626e-03
    TL51.L = 13.7157e-03
    TL52.L = 2.8972e-03
    TL53.L = 7.64725e-03
    TL54.L = 6.50082e-03
    W2 = 6.42003
    W3 = 129.843
    W4 = 122.359
    W5 = 71.384
    W6 = 273.362

SP Optim1[1].SP1[20] <Final_Proj_ECE485_lib:Final_Proj_LowPB:schematic>  optIter=20  freq=(500 MHz->5 GHz)
,,,,,,,,,,,,,,,,,,,,,,,,,,,,,,,,,,,,,,,,,,,,,,,,,,,,,,,,,,,,,,,,,,,,,,,,,,,,,,,,,,,,,,,,,,,,,,,,,,,,
Iteration/Trial #20:
  CurrentEF: 0.00349053206407339
  Optimization variables:
    TL10.L = 7.39511e-03
    TL11.L = 14.6711e-03
    TL12.L = 14.8336e-03
    TL2.L = 21.5609e-03
    TL3.L = 5.39616e-03
    TL51.L = 13.6735e-03
    TL52.L = 2.89656e-03
    TL53.L = 7.47886e-03
    TL54.L = 6.51533e-03
    W2 = 6.43152
    W3 = 129.843
    W4 = 122.187
    W5 = 71.3876
    W6 = 273.247

SP Optim1[1].SP1[21] <Final_Proj_ECE485_lib:Final_Proj_LowPB:schematic>  optIter=21  freq=(500 MHz->5 GHz)
,,,,,,,,,,,,,,,,,,,,,,,,,,,,,,,,,,,,,,,,,,,,,,,,,,,,,,,,,,,,,,,,,,,,,,,,,,,,,,,,,,,,,,,,,,,,,,,,,,,,
Iteration/Trial #21:
  CurrentEF: 0.00341860994370995
  Optimization variables:
    TL10.L = 7.67753e-03
    TL11.L = 14.7222e-03
    TL12.L = 14.8336e-03
    TL2.L = 21.4679e-03
    TL3.L = 5.38493e-03
    TL51.L = 13.6158e-03
    TL52.L = 2.89579e-03
    TL53.L = 7.33853e-03
    TL54.L = 6.48125e-03
    W2 = 6.44466
    W3 = 129.843
    W4 = 122.076
    W5 = 71.391
    W6 = 270.591

SP Optim1[1].SP1[22] <Final_Proj_ECE485_lib:Final_Proj_LowPB:schematic>  optIter=22  freq=(500 MHz->5 GHz)
,,,,,,,,,,,,,,,,,,,,,,,,,,,,,,,,,,,,,,,,,,,,,,,,,,,,,,,,,,,,,,,,,,,,,,,,,,,,,,,,,,,,,,,,,,,,,,,,,,,,
Iteration/Trial #22:
  CurrentEF: 0.00339087198124628
  Optimization variables:
    TL10.L = 7.68485e-03
    TL11.L = 14.7238e-03
    TL12.L = 14.8336e-03
    TL2.L = 21.4606e-03
    TL3.L = 5.38515e-03
    TL51.L = 13.6108e-03
    TL52.L = 2.89572e-03
    TL53.L = 7.3545e-03
    TL54.L = 6.46084e-03
    W2 = 6.44488
    W3 = 129.843
    W4 = 122.082
    W5 = 71.3909
    W6 = 270.024

SP Optim1[1].SP1[23] <Final_Proj_ECE485_lib:Final_Proj_LowPB:schematic>  optIter=23  freq=(500 MHz->5 GHz)
,,,,,,,,,,,,,,,,,,,,,,,,,,,,,,,,,,,,,,,,,,,,,,,,,,,,,,,,,,,,,,,,,,,,,,,,,,,,,,,,,,,,,,,,,,,,,,,,,,,,
Iteration/Trial #23:
  CurrentEF: 0.00326348700710818
  Optimization variables:
    TL10.L = 8.18982e-03
    TL11.L = 14.7608e-03
    TL12.L = 14.8336e-03
    TL2.L = 21.272e-03
    TL3.L = 5.39716e-03
    TL51.L = 13.5121e-03
    TL52.L = 2.89462e-03
    TL53.L = 7.15392e-03
    TL54.L = 6.41493e-03
    W2 = 6.46645
    W3 = 129.843
    W4 = 122.002
    W5 = 71.395
    W6 = 269.218

SP Optim1[1].SP1[24] <Final_Proj_ECE485_lib:Final_Proj_LowPB:schematic>  optIter=24  freq=(500 MHz->5 GHz)
,,,,,,,,,,,,,,,,,,,,,,,,,,,,,,,,,,,,,,,,,,,,,,,,,,,,,,,,,,,,,,,,,,,,,,,,,,,,,,,,,,,,,,,,,,,,,,,,,,,,
Iteration/Trial #24:
  CurrentEF: 0.00323739908603531
  Optimization variables:
    TL10.L = 8.42713e-03
    TL11.L = 14.7703e-03
    TL12.L = 14.8336e-03
    TL2.L = 21.1775e-03
    TL3.L = 5.41085e-03
    TL51.L = 13.4707e-03
    TL52.L = 2.89418e-03
    TL53.L = 7.07951e-03
    TL54.L = 6.3948e-03
    W2 = 6.47619
    W3 = 129.843
    W4 = 122.003
    W5 = 71.3963
    W6 = 269.123

SP Optim1[1].SP1[25] <Final_Proj_ECE485_lib:Final_Proj_LowPB:schematic>  optIter=25  freq=(500 MHz->5 GHz)
,,,,,,,,,,,,,,,,,,,,,,,,,,,,,,,,,,,,,,,,,,,,,,,,,,,,,,,,,,,,,,,,,,,,,,,,,,,,,,,,,,,,,,,,,,,,,,,,,,,,
Iteration/Trial #25:
  CurrentEF: 0.00322836638733631
  Optimization variables:
    TL10.L = 8.5737e-03
    TL11.L = 14.7744e-03
    TL12.L = 14.8336e-03
    TL2.L = 21.1177e-03
    TL3.L = 5.42079e-03
    TL51.L = 13.4489e-03
    TL52.L = 2.89392e-03
    TL53.L = 7.03924e-03
    TL54.L = 6.38298e-03
    W2 = 6.48206
    W3 = 129.843
    W4 = 122.012
    W5 = 71.397
    W6 = 269.101
Optim1[1] reached the iteration limit. 

Resource usage:
  Total stopwatch time     =    61.89 seconds.

